# JRE version: OpenJDK Runtime Environment (Red_Hat-21.0.3.0.9-1) (21.0.3+9) (build 21.0.3+9)
# Java VM: OpenJDK 64-Bit Server VM (Red_Hat-21.0.3.0.9-1) (21.0.3+9, mixed mode, sharing, tiered, compressed oops, compressed class ptrs, g1 gc, linux-amd64)
Heap:
 garbage-first heap   total 179200K, used 109300K [0x00000000e0000000, 0x0000000100000000)
  region size 1024K, 18 young (18432K), 10 survivors (10240K)
 Metaspace       used 50225K, committed 50688K, reserved 1114112K
  class space    used 5230K, committed 5440K, reserved 1048576K
GC Heap History (20 events):
Event: 2.971 GC heap before
{Heap before GC invocations=4 (full 0):
 garbage-first heap   total 121856K, used 119833K [0x00000000e0000000, 0x0000000100000000)
  region size 1024K, 40 young (40960K), 5 survivors (5120K)
 Metaspace       used 33665K, committed 33984K, reserved 1114112K
  class space    used 3544K, committed 3712K, reserved 1048576K
}
Event: 2.976 GC heap after
{Heap after GC invocations=5 (full 0):
 garbage-first heap   total 130048K, used 87041K [0x00000000e0000000, 0x0000000100000000)
  region size 1024K, 8 young (8192K), 8 survivors (8192K)
 Metaspace       used 33665K, committed 33984K, reserved 1114112K
  class space    used 3544K, committed 3712K, reserved 1048576K
}
Event: 3.088 GC heap before
{Heap before GC invocations=5 (full 0):
 garbage-first heap   total 130048K, used 91137K [0x00000000e0000000, 0x0000000100000000)
  region size 1024K, 13 young (13312K), 8 survivors (8192K)
 Metaspace       used 35777K, committed 36160K, reserved 1114112K
  class space    used 3812K, committed 4032K, reserved 1048576K
}
Event: 3.092 GC heap after
{Heap after GC invocations=6 (full 0):
 garbage-first heap   total 130048K, used 87720K [0x00000000e0000000, 0x0000000100000000)
  region size 1024K, 1 young (1024K), 1 survivors (1024K)
 Metaspace       used 35777K, committed 36160K, reserved 1114112K
  class space    used 3812K, committed 4032K, reserved 1048576K
}
Event: 3.105 GC heap before
{Heap before GC invocations=6 (full 0):
 garbage-first heap   total 130048K, used 87720K [0x00000000e0000000, 0x0000000100000000)
  region size 1024K, 2 young (2048K), 1 survivors (1024K)
 Metaspace       used 36181K, committed 36480K, reserved 1114112K
  class space    used 3868K, committed 4032K, reserved 1048576K
}
Event: 3.107 GC heap after
{Heap after GC invocations=7 (full 0):
 garbage-first heap   total 130048K, used 87488K [0x00000000e0000000, 0x0000000100000000)
  region size 1024K, 1 young (1024K), 1 survivors (1024K)
 Metaspace       used 36181K, committed 36480K, reserved 1114112K
  class space    used 3868K, committed 4032K, reserved 1048576K
}
Event: 3.413 GC heap before
{Heap before GC invocations=8 (full 0):
 garbage-first heap   total 150528K, used 117184K [0x00000000e0000000, 0x0000000100000000)
  region size 1024K, 31 young (31744K), 1 survivors (1024K)
 Metaspace       used 41420K, committed 41792K, reserved 1114112K
  class space    used 4474K, committed 4672K, reserved 1048576K
}
Event: 3.414 GC heap after
{Heap after GC invocations=9 (full 0):
 garbage-first heap   total 150528K, used 88724K [0x00000000e0000000, 0x0000000100000000)
  region size 1024K, 2 young (2048K), 2 survivors (2048K)
 Metaspace       used 41420K, committed 41792K, reserved 1114112K
  class space    used 4474K, committed 4672K, reserved 1048576K
}
Event: 3.500 GC heap before
{Heap before GC invocations=9 (full 0):
 garbage-first heap   total 150528K, used 132756K [0x00000000e0000000, 0x0000000100000000)
  region size 1024K, 46 young (47104K), 2 survivors (2048K)
 Metaspace       used 42112K, committed 42496K, reserved 1114112K
  class space    used 4531K, committed 4736K, reserved 1048576K
}
Event: 3.502 GC heap after
{Heap after GC invocations=10 (full 0):
 garbage-first heap   total 150528K, used 88712K [0x00000000e0000000, 0x0000000100000000)
  region size 1024K, 3 young (3072K), 3 survivors (3072K)
 Metaspace       used 42112K, committed 42496K, reserved 1114112K
  class space    used 4531K, committed 4736K, reserved 1048576K
}
Event: 3.553 GC heap before
{Heap before GC invocations=10 (full 0):
 garbage-first heap   total 150528K, used 137864K [0x00000000e0000000, 0x0000000100000000)
  region size 1024K, 51 young (52224K), 3 survivors (3072K)
 Metaspace       used 42254K, committed 42688K, reserved 1114112K
  class space    used 4535K, committed 4736K, reserved 1048576K
}
Event: 3.555 GC heap after
{Heap after GC invocations=11 (full 0):
 garbage-first heap   total 150528K, used 88886K [0x00000000e0000000, 0x0000000100000000)
  region size 1024K, 3 young (3072K), 3 survivors (3072K)
 Metaspace       used 42254K, committed 42688K, reserved 1114112K
  class space    used 4535K, committed 4736K, reserved 1048576K
}
Event: 3.600 GC heap before
{Heap before GC invocations=12 (full 0):
 garbage-first heap   total 174080K, used 138038K [0x00000000e0000000, 0x0000000100000000)
  region size 1024K, 51 young (52224K), 3 survivors (3072K)
 Metaspace       used 42302K, committed 42752K, reserved 1114112K
  class space    used 4535K, committed 4736K, reserved 1048576K
}
Event: 3.602 GC heap after
{Heap after GC invocations=13 (full 0):
 garbage-first heap   total 174080K, used 88922K [0x00000000e0000000, 0x0000000100000000)
  region size 1024K, 3 young (3072K), 3 survivors (3072K)
 Metaspace       used 42302K, committed 42752K, reserved 1114112K
  class space    used 4535K, committed 4736K, reserved 1048576K
}
Event: 3.646 GC heap before
{Heap before GC invocations=13 (full 0):
 garbage-first heap   total 174080K, used 160602K [0x00000000e0000000, 0x0000000100000000)
  region size 1024K, 73 young (74752K), 3 survivors (3072K)
 Metaspace       used 42365K, committed 42816K, reserved 1114112K
  class space    used 4535K, committed 4736K, reserved 1048576K
}
Event: 3.651 GC heap after
{Heap after GC invocations=14 (full 0):
 garbage-first heap   total 174080K, used 88899K [0x00000000e0000000, 0x0000000100000000)
  region size 1024K, 3 young (3072K), 3 survivors (3072K)
 Metaspace       used 42365K, committed 42816K, reserved 1114112K
  class space    used 4535K, committed 4736K, reserved 1048576K
}
Event: 3.748 GC heap before
{Heap before GC invocations=14 (full 0):
 garbage-first heap   total 174080K, used 159555K [0x00000000e0000000, 0x0000000100000000)
  region size 1024K, 73 young (74752K), 3 survivors (3072K)
 Metaspace       used 43152K, committed 43520K, reserved 1114112K
  class space    used 4632K, committed 4800K, reserved 1048576K
}
Event: 3.751 GC heap after
{Heap after GC invocations=15 (full 0):
 garbage-first heap   total 174080K, used 89339K [0x00000000e0000000, 0x0000000100000000)
  region size 1024K, 3 young (3072K), 3 survivors (3072K)
 Metaspace       used 43152K, committed 43520K, reserved 1114112K
  class space    used 4632K, committed 4800K, reserved 1048576K
}
Event: 8.255 GC heap before
{Heap before GC invocations=16 (full 0):
 garbage-first heap   total 174080K, used 164091K [0x00000000e0000000, 0x0000000100000000)
  region size 1024K, 73 young (74752K), 3 survivors (3072K)
 Metaspace       used 49846K, committed 50240K, reserved 1114112K
  class space    used 5219K, committed 5440K, reserved 1048576K
}
Event: 8.260 GC heap after
{Heap after GC invocations=17 (full 0):
 garbage-first heap   total 179200K, used 102132K [0x00000000e0000000, 0x0000000100000000)
  region size 1024K, 10 young (10240K), 10 survivors (10240K)
 Metaspace       used 49846K, committed 50240K, reserved 1114112K
  class space    used 5219K, committed 5440K, reserved 1048576K
}

